2024-12-24 23:53:17 - === Starting Application === 
2024-12-24 23:53:17 - Current script directory: S:\PythonProject\birthday_alert\ 
2024-12-24 23:53:17 - Current directory after cd: S:\PythonProject\birthday_alert 
2024-12-24 23:53:17 - Virtual environment activated 
2024-12-24 23:53:17 - Starting backend service... 
2024-12-24 23:53:17 - Attempting to enter frontend directory: S:\PythonProject\birthday_alert\frontend 
2024-12-24 23:53:17 - Current directory after cd to frontend: S:\PythonProject\birthday_alert\frontend 
2024-12-24 23:53:17 - Found package.json 
2024-12-24 23:53:17 - Installing frontend dependencies... 
2024-12-24 23:53:51 - === Starting Application === 
2024-12-24 23:53:51 - Current script directory: S:\PythonProject\birthday_alert\ 
2024-12-24 23:53:51 - Current directory after cd: S:\PythonProject\birthday_alert 
2024-12-24 23:53:51 - Virtual environment activated 
2024-12-24 23:53:51 - Starting backend service... 
2024-12-24 23:53:51 - Attempting to enter frontend directory: S:\PythonProject\birthday_alert\frontend 
2024-12-24 23:53:51 - Current directory after cd to frontend: S:\PythonProject\birthday_alert\frontend 
2024-12-24 23:53:51 - Found package.json 
2024-12-24 23:53:51 - Installing frontend dependencies... 
2024-12-24 23:54:03 - === Starting Application === 
2024-12-24 23:54:03 - Current script directory: S:\PythonProject\birthday_alert\ 
2024-12-24 23:54:03 - Current directory after cd: S:\PythonProject\birthday_alert 
2024-12-24 23:54:03 - Virtual environment activated 
2024-12-24 23:54:03 - Starting backend service... 
2024-12-24 23:54:03 - Attempting to enter frontend directory: S:\PythonProject\birthday_alert\frontend 
2024-12-24 23:54:03 - Current directory after cd to frontend: S:\PythonProject\birthday_alert\frontend 
2024-12-24 23:54:03 - Found package.json 
2024-12-24 23:54:03 - Installing frontend dependencies... 
2024-12-24 23:54:50 - === Starting Application === 
2024-12-24 23:54:50 - Current script directory: S:\PythonProject\birthday_alert\ 
2024-12-24 23:54:50 - Current directory after cd: S:\PythonProject\birthday_alert 
2024-12-24 23:54:50 - Virtual environment activated 
2024-12-24 23:54:50 - Starting backend service... 
2024-12-24 23:54:50 - Attempting to enter frontend directory: S:\PythonProject\birthday_alert\frontend 
2024-12-24 23:54:50 - Current directory after cd to frontend: S:\PythonProject\birthday_alert\frontend 
2024-12-24 23:54:50 - Found package.json 
2024-12-24 23:54:50 - Installing frontend dependencies... 
2024-12-24 23:55:17 - === Starting Application === 
2024-12-24 23:55:17 - Current script directory: S:\PythonProject\birthday_alert\ 
2024-12-24 23:55:17 - Current directory after cd: S:\PythonProject\birthday_alert 
2024-12-24 23:55:17 - Virtual environment activated 
2024-12-24 23:55:17 - Starting backend service... 
2024-12-24 23:55:17 - Attempting to enter frontend directory: S:\PythonProject\birthday_alert\frontend 
2024-12-24 23:55:27 - Current directory after cd to frontend: S:\PythonProject\birthday_alert\frontend 
2024-12-24 23:55:27 - Found package.json 
2024-12-24 23:55:27 - Installing frontend dependencies... 
2024-12-24 23:55:46 - === Starting Application === 
2024-12-24 23:55:46 - Current script directory: S:\PythonProject\birthday_alert\ 
2024-12-24 23:55:46 - Current directory after cd: S:\PythonProject\birthday_alert 
2024-12-24 23:55:46 - Virtual environment activated 
2024-12-24 23:55:46 - Starting backend service... 
2024-12-24 23:55:46 - Attempting to enter frontend directory: S:\PythonProject\birthday_alert\frontend 
2024-12-24 23:55:50 - Current directory after cd to frontend: S:\PythonProject\birthday_alert\frontend 
2024-12-24 23:55:50 - Found package.json 
2024-12-24 23:55:53 - Installing frontend dependencies... 
2024-12-24 23:56:38 - === Starting Application === 
2024-12-24 23:56:38 - Current script directory: S:\PythonProject\birthday_alert\ 
2024-12-24 23:56:38 - Current directory after cd: S:\PythonProject\birthday_alert 
2024-12-24 23:56:38 - Virtual environment activated 
2024-12-24 23:56:38 - Starting backend service... 
2024-12-24 23:56:38 - Attempting to enter frontend directory: S:\PythonProject\birthday_alert\frontend 
2024-12-24 23:56:42 - Current directory after cd to frontend: S:\PythonProject\birthday_alert\frontend 
2024-12-24 23:56:42 - Found package.json 
2024-12-24 23:56:43 - Installing frontend dependencies... 
2024-12-24 23:57:24 - === Starting Application === 
2024-12-24 23:57:24 - Current script directory: S:\PythonProject\birthday_alert\ 
2024-12-24 23:57:24 - Current directory after cd: S:\PythonProject\birthday_alert 
2024-12-24 23:57:24 - Virtual environment activated 
2024-12-24 23:57:24 - Starting backend service... 
2024-12-24 23:57:24 - Attempting to enter frontend directory: S:\PythonProject\birthday_alert\frontend 
2024-12-24 23:57:27 - Current directory after cd to frontend: S:\PythonProject\birthday_alert\frontend 
2024-12-24 23:57:27 - Found package.json 
2024-12-24 23:57:28 - Starting frontend service... 
2024-12-24 23:57:28 - Frontend service started 
2024-12-24 23:57:33 - === Application startup completed === 
2024-12-24 23:59:09 - === Starting Application === 
2024-12-24 23:59:09 - Current script directory: S:\PythonProject\birthday_alert\ 
2024-12-24 23:59:09 - Current directory after cd: S:\PythonProject\birthday_alert 
2024-12-24 23:59:09 - Virtual environment activated 
2024-12-24 23:59:09 - Starting backend service... 
2024-12-24 23:59:09 - Attempting to enter frontend directory: S:\PythonProject\birthday_alert\frontend 
2024-12-24 23:59:12 - Current directory after cd to frontend: S:\PythonProject\birthday_alert\frontend 
2024-12-24 23:59:13 - Found package.json 
2024-12-24 23:59:13 - Installing frontend dependencies... 
2024-12-24 23:59:35 - === Starting Application === 
2024-12-24 23:59:35 - Current script directory: S:\PythonProject\birthday_alert\ 
2024-12-24 23:59:35 - Current directory after cd: S:\PythonProject\birthday_alert 
2024-12-24 23:59:35 - Virtual environment activated 
2024-12-24 23:59:35 - Starting backend service... 
2024-12-24 23:59:35 - Attempting to enter frontend directory: S:\PythonProject\birthday_alert\frontend 
2024-12-24 23:59:38 - Current directory after cd to frontend: S:\PythonProject\birthday_alert\frontend 
2024-12-24 23:59:38 - Found package.json 
2024-12-24 23:59:38 - Starting frontend service... 
2024-12-24 23:59:38 - Frontend service started 
2024-12-24 23:59:44 - === Application startup completed === 
